[2025-03-29 15:34:42, Initialization, CentralServiceContainer, Info] ComponentController.ComponentController(): Instantiating 'DispatchRestarter' domain...
[2025-03-29 15:34:42, Initialization, CentralServiceContainer, Info] ComponentController.Initialize(): Initilaizing runtime for 'DispatchRestarter'...
[2025-03-29 15:34:43, Initialization, CentralServiceContainer, Info] ComponentController.Start(): Starting 'DispatchRestarter'...
[2025-03-29 15:34:43, Communication, CentralCommunication, Info] Service host DispatchRestarterServiceHost opening
[2025-03-29 15:34:44, Communication, CentralCommunication, Info] Service host DispatchRestarterServiceHost opened
[2025-03-29 15:34:44, Initialization, CentralServiceContainer, Info] ComponentController.Stop(): Commiting 'DispatchRestarter'...
[2025-03-30 10:17:40, Initialization, CentralServiceContainer, Info] ComponentController.Stop(): Uncommiting 'DispatchRestarter'...
[2025-03-30 10:17:41, Initialization, CentralServiceContainer, Info] ComponentController.Stop(): Stopping 'DispatchRestarter'...
[2025-03-30 10:17:41, Communication, CentralCommunication, Info] Service host DispatchRestarterServiceHost closing
[2025-03-30 10:17:41, Communication, CentralCommunication, Info] Service host DispatchRestarterServiceHost closed
[2025-03-30 10:18:36, Initialization, CentralServiceContainer, Info] ComponentController.ComponentController(): Instantiating 'DispatchRestarter' domain...
[2025-03-30 10:18:36, Initialization, CentralServiceContainer, Info] ComponentController.Initialize(): Initilaizing runtime for 'DispatchRestarter'...
[2025-03-30 10:18:36, Initialization, CentralServiceContainer, Info] ComponentController.Start(): Starting 'DispatchRestarter'...
[2025-03-30 10:18:36, Communication, CentralCommunication, Info] Service host DispatchRestarterServiceHost opening
[2025-03-30 10:18:37, Communication, CentralCommunication, Info] Service host DispatchRestarterServiceHost opened
[2025-03-30 10:18:37, Initialization, CentralServiceContainer, Info] ComponentController.Stop(): Commiting 'DispatchRestarter'...
[2025-04-17 18:59:32, Initialization, CentralServiceContainer, Info] ComponentController.Stop(): Uncommiting 'DispatchRestarter'...
[2025-04-17 18:59:32, Initialization, CentralServiceContainer, Info] ComponentController.Stop(): Stopping 'DispatchRestarter'...
[2025-04-17 18:59:32, Communication, CentralCommunication, Info] Service host DispatchRestarterServiceHost closing
[2025-04-17 18:59:32, Communication, CentralCommunication, Info] Service host DispatchRestarterServiceHost closed
[2025-05-14 12:18:45, Initialization, CentralServiceContainer, Info] ComponentController.ComponentController(): Instantiating 'DispatchRestarter' domain...
[2025-05-14 12:18:45, Initialization, CentralServiceContainer, Info] ComponentController.Initialize(): Initilaizing runtime for 'DispatchRestarter'...
[2025-05-14 12:18:45, Initialization, CentralServiceContainer, Info] ComponentController.Start(): Starting 'DispatchRestarter'...
[2025-05-14 12:18:46, Communication, CentralCommunication, Info] Service host DispatchRestarterServiceHost opening
[2025-05-14 12:18:46, Communication, CentralCommunication, Info] Service host DispatchRestarterServiceHost opened
[2025-05-14 12:18:46, Initialization, CentralServiceContainer, Info] ComponentController.Stop(): Commiting 'DispatchRestarter'...
[2025-05-14 12:27:16, Initialization, CentralServiceContainer, Info] ComponentController.Stop(): Uncommiting 'DispatchRestarter'...
[2025-05-14 12:27:16, Initialization, CentralServiceContainer, Info] ComponentController.Stop(): Stopping 'DispatchRestarter'...
[2025-05-14 12:27:16, Communication, CentralCommunication, Info] Service host DispatchRestarterServiceHost closing
[2025-05-14 12:27:16, Communication, CentralCommunication, Info] Service host DispatchRestarterServiceHost closed
[2025-05-14 12:27:45, Initialization, CentralServiceContainer, Info] ComponentController.ComponentController(): Instantiating 'DispatchRestarter' domain...
[2025-05-14 12:27:45, Initialization, CentralServiceContainer, Info] ComponentController.Initialize(): Initilaizing runtime for 'DispatchRestarter'...
[2025-05-14 12:27:45, Initialization, CentralServiceContainer, Info] ComponentController.Start(): Starting 'DispatchRestarter'...
[2025-05-14 12:27:45, Communication, CentralCommunication, Info] Service host DispatchRestarterServiceHost opening
[2025-05-14 12:27:46, Communication, CentralCommunication, Info] Service host DispatchRestarterServiceHost opened
[2025-05-14 12:27:46, Initialization, CentralServiceContainer, Info] ComponentController.Stop(): Commiting 'DispatchRestarter'...
[2025-05-14 12:41:20, Initialization, CentralServiceContainer, Info] ComponentController.Stop(): Uncommiting 'DispatchRestarter'...
[2025-05-14 12:41:20, Initialization, CentralServiceContainer, Info] ComponentController.Stop(): Stopping 'DispatchRestarter'...
[2025-05-14 12:41:20, Communication, CentralCommunication, Info] Service host DispatchRestarterServiceHost closing
[2025-05-14 12:41:20, Communication, CentralCommunication, Info] Service host DispatchRestarterServiceHost closed
[2025-05-14 12:41:48, Initialization, CentralServiceContainer, Info] ComponentController.ComponentController(): Instantiating 'DispatchRestarter' domain...
[2025-05-14 12:41:48, Initialization, CentralServiceContainer, Info] ComponentController.Initialize(): Initilaizing runtime for 'DispatchRestarter'...
[2025-05-14 12:41:48, Initialization, CentralServiceContainer, Info] ComponentController.Start(): Starting 'DispatchRestarter'...
[2025-05-14 12:41:49, Communication, CentralCommunication, Info] Service host DispatchRestarterServiceHost opening
[2025-05-14 12:41:49, Communication, CentralCommunication, Info] Service host DispatchRestarterServiceHost opened
[2025-05-14 12:41:49, Initialization, CentralServiceContainer, Info] ComponentController.Stop(): Commiting 'DispatchRestarter'...
[2025-07-12 09:32:56, Initialization, CentralServiceContainer, Info] ComponentController.ComponentController(): Instantiating 'DispatchRestarter' domain...
[2025-07-12 09:32:56, Initialization, CentralServiceContainer, Info] ComponentController.Initialize(): Initilaizing runtime for 'DispatchRestarter'...
[2025-07-12 09:32:56, Initialization, CentralServiceContainer, Info] ComponentController.Start(): Starting 'DispatchRestarter'...
[2025-07-12 09:32:57, Communication, CentralCommunication, Info] Service host DispatchRestarterServiceHost opening
[2025-07-12 09:32:57, Communication, CentralCommunication, Info] Service host DispatchRestarterServiceHost opened
[2025-07-12 09:32:57, Initialization, CentralServiceContainer, Info] ComponentController.Stop(): Commiting 'DispatchRestarter'...
[2025-07-12 09:33:11, Initialization, CentralServiceContainer, Info] ComponentController.Stop(): Uncommiting 'DispatchRestarter'...
[2025-07-12 09:33:11, Initialization, CentralServiceContainer, Info] ComponentController.Stop(): Stopping 'DispatchRestarter'...
[2025-07-12 09:33:11, Communication, CentralCommunication, Info] Service host DispatchRestarterServiceHost closing
[2025-07-12 09:33:11, Communication, CentralCommunication, Info] Service host DispatchRestarterServiceHost closed
[2025-07-12 16:35:32, Initialization, CentralServiceContainer, Info] ComponentController.ComponentController(): Instantiating 'DispatchRestarter' domain...
[2025-07-12 16:35:32, Initialization, CentralServiceContainer, Info] ComponentController.Initialize(): Initilaizing runtime for 'DispatchRestarter'...
[2025-07-12 16:35:32, Initialization, CentralServiceContainer, Info] ComponentController.Start(): Starting 'DispatchRestarter'...
[2025-07-12 16:35:33, Communication, CentralCommunication, Info] Service host DispatchRestarterServiceHost opening
[2025-07-12 16:35:33, Communication, CentralCommunication, Info] Service host DispatchRestarterServiceHost opened
[2025-07-12 16:35:33, Initialization, CentralServiceContainer, Info] ComponentController.Stop(): Commiting 'DispatchRestarter'...
[2025-08-01 09:30:39, Initialization, CentralServiceContainer, Info] ComponentController.ComponentController(): Instantiating 'DispatchRestarter' domain...
[2025-08-01 09:30:39, Initialization, CentralServiceContainer, Info] ComponentController.Initialize(): Initilaizing runtime for 'DispatchRestarter'...
[2025-08-01 09:30:40, Initialization, CentralServiceContainer, Info] ComponentController.Start(): Starting 'DispatchRestarter'...
[2025-08-01 09:30:40, Communication, CentralCommunication, Info] Service host DispatchRestarterServiceHost opening
[2025-08-01 09:30:41, Communication, CentralCommunication, Info] Service host DispatchRestarterServiceHost opened
[2025-08-01 09:30:41, Initialization, CentralServiceContainer, Info] ComponentController.Stop(): Commiting 'DispatchRestarter'...
[2025-08-01 09:30:49, Initialization, CentralServiceContainer, Info] ComponentController.Stop(): Uncommiting 'DispatchRestarter'...
[2025-08-01 09:30:50, Initialization, CentralServiceContainer, Info] ComponentController.Stop(): Stopping 'DispatchRestarter'...
[2025-08-01 09:30:50, Communication, CentralCommunication, Info] Service host DispatchRestarterServiceHost closing
[2025-08-01 09:30:50, Communication, CentralCommunication, Info] Service host DispatchRestarterServiceHost closed
[2025-08-01 10:01:50, Initialization, CentralServiceContainer, Info] ComponentController.ComponentController(): Instantiating 'DispatchRestarter' domain...
[2025-08-01 10:01:50, Initialization, CentralServiceContainer, Info] ComponentController.Initialize(): Initilaizing runtime for 'DispatchRestarter'...
[2025-08-01 10:01:51, Initialization, CentralServiceContainer, Info] ComponentController.Start(): Starting 'DispatchRestarter'...
[2025-08-01 10:01:51, Communication, CentralCommunication, Info] Service host DispatchRestarterServiceHost opening
[2025-08-01 10:01:51, Communication, CentralCommunication, Info] Service host DispatchRestarterServiceHost opened
[2025-08-01 10:01:51, Initialization, CentralServiceContainer, Info] ComponentController.Stop(): Commiting 'DispatchRestarter'...
[2025-08-01 10:02:44, Initialization, CentralServiceContainer, Info] ComponentController.Stop(): Uncommiting 'DispatchRestarter'...
[2025-08-01 10:02:44, Initialization, CentralServiceContainer, Info] ComponentController.Stop(): Stopping 'DispatchRestarter'...
[2025-08-01 10:02:44, Communication, CentralCommunication, Info] Service host DispatchRestarterServiceHost closing
[2025-08-01 10:02:44, Communication, CentralCommunication, Info] Service host DispatchRestarterServiceHost closed
[2025-08-17 08:53:40, Initialization, CentralServiceContainer, Info] ComponentController.ComponentController(): Instantiating 'DispatchRestarter' domain...
[2025-08-17 08:53:40, Initialization, CentralServiceContainer, Info] ComponentController.Initialize(): Initilaizing runtime for 'DispatchRestarter'...
[2025-08-17 08:53:40, Initialization, CentralServiceContainer, Info] ComponentController.Start(): Starting 'DispatchRestarter'...
[2025-08-17 08:53:41, Communication, CentralCommunication, Info] Service host DispatchRestarterServiceHost opening
[2025-08-17 08:53:41, Communication, CentralCommunication, Info] Service host DispatchRestarterServiceHost opened
[2025-08-17 08:53:41, Initialization, CentralServiceContainer, Info] ComponentController.Stop(): Commiting 'DispatchRestarter'...
[2025-08-29 14:45:12, Initialization, CentralServiceContainer, Info] ComponentController.ComponentController(): Instantiating 'DispatchRestarter' domain...
[2025-08-29 14:45:12, Initialization, CentralServiceContainer, Info] ComponentController.Initialize(): Initilaizing runtime for 'DispatchRestarter'...
[2025-08-29 14:45:12, Initialization, CentralServiceContainer, Info] ComponentController.Start(): Starting 'DispatchRestarter'...
[2025-08-29 14:45:12, Communication, CentralCommunication, Info] Service host DispatchRestarterServiceHost opening
[2025-08-29 14:45:13, Communication, CentralCommunication, Info] Service host DispatchRestarterServiceHost opened
[2025-08-29 14:45:13, Initialization, CentralServiceContainer, Info] ComponentController.Stop(): Commiting 'DispatchRestarter'...
[2025-09-23 13:45:45, Initialization, CentralServiceContainer, Info] ComponentController.Stop(): Uncommiting 'DispatchRestarter'...
[2025-09-23 13:45:45, Initialization, CentralServiceContainer, Info] ComponentController.Stop(): Stopping 'DispatchRestarter'...
[2025-09-23 13:45:45, Communication, CentralCommunication, Info] Service host DispatchRestarterServiceHost closing
[2025-09-23 13:45:45, Communication, CentralCommunication, Info] Service host DispatchRestarterServiceHost closed
[2025-09-23 13:47:05, Initialization, CentralServiceContainer, Info] ComponentController.ComponentController(): Instantiating 'DispatchRestarter' domain...
[2025-09-23 13:47:05, Initialization, CentralServiceContainer, Info] ComponentController.Initialize(): Initilaizing runtime for 'DispatchRestarter'...
[2025-09-23 13:47:05, Initialization, CentralServiceContainer, Info] ComponentController.Start(): Starting 'DispatchRestarter'...
[2025-09-23 13:47:05, Communication, CentralCommunication, Info] Service host DispatchRestarterServiceHost opening
[2025-09-23 13:47:06, Communication, CentralCommunication, Info] Service host DispatchRestarterServiceHost opened
[2025-09-23 13:47:06, Initialization, CentralServiceContainer, Info] ComponentController.Stop(): Commiting 'DispatchRestarter'...
[2025-09-24 11:50:50, Initialization, CentralServiceContainer, Info] ComponentController.Stop(): Uncommiting 'DispatchRestarter'...
[2025-09-24 11:50:50, Initialization, CentralServiceContainer, Info] ComponentController.Stop(): Stopping 'DispatchRestarter'...
[2025-09-24 11:50:50, Communication, CentralCommunication, Info] Service host DispatchRestarterServiceHost closing
[2025-09-24 11:50:50, Communication, CentralCommunication, Info] Service host DispatchRestarterServiceHost closed
[2025-09-24 11:52:09, Initialization, CentralServiceContainer, Info] ComponentController.ComponentController(): Instantiating 'DispatchRestarter' domain...
[2025-09-24 11:52:09, Initialization, CentralServiceContainer, Info] ComponentController.Initialize(): Initilaizing runtime for 'DispatchRestarter'...
[2025-09-24 11:52:09, Initialization, CentralServiceContainer, Info] ComponentController.Start(): Starting 'DispatchRestarter'...
[2025-09-24 11:52:09, Communication, CentralCommunication, Info] Service host DispatchRestarterServiceHost opening
[2025-09-24 11:52:10, Communication, CentralCommunication, Info] Service host DispatchRestarterServiceHost opened
[2025-09-24 11:52:10, Initialization, CentralServiceContainer, Info] ComponentController.Stop(): Commiting 'DispatchRestarter'...
[2025-09-24 12:12:08, Initialization, CentralServiceContainer, Info] ComponentController.Stop(): Uncommiting 'DispatchRestarter'...
[2025-09-24 12:12:08, Initialization, CentralServiceContainer, Info] ComponentController.Stop(): Stopping 'DispatchRestarter'...
[2025-09-24 12:12:08, Communication, CentralCommunication, Info] Service host DispatchRestarterServiceHost closing
[2025-09-24 12:12:08, Communication, CentralCommunication, Info] Service host DispatchRestarterServiceHost closed
[2025-09-24 12:13:35, Initialization, CentralServiceContainer, Info] ComponentController.ComponentController(): Instantiating 'DispatchRestarter' domain...
[2025-09-24 12:13:35, Initialization, CentralServiceContainer, Info] ComponentController.Initialize(): Initilaizing runtime for 'DispatchRestarter'...
[2025-09-24 12:13:35, Initialization, CentralServiceContainer, Info] ComponentController.Start(): Starting 'DispatchRestarter'...
[2025-09-24 12:13:36, Communication, CentralCommunication, Info] Service host DispatchRestarterServiceHost opening
[2025-09-24 12:13:36, Communication, CentralCommunication, Info] Service host DispatchRestarterServiceHost opened
[2025-09-24 12:13:36, Initialization, CentralServiceContainer, Info] ComponentController.Stop(): Commiting 'DispatchRestarter'...
[2025-09-25 15:43:34, Initialization, CentralServiceContainer, Info] ComponentController.Stop(): Uncommiting 'DispatchRestarter'...
[2025-09-25 15:43:34, Initialization, CentralServiceContainer, Info] ComponentController.Stop(): Stopping 'DispatchRestarter'...
[2025-09-25 15:43:34, Communication, CentralCommunication, Info] Service host DispatchRestarterServiceHost closing
[2025-09-25 15:43:34, Communication, CentralCommunication, Info] Service host DispatchRestarterServiceHost closed
[2025-09-25 15:45:06, Initialization, CentralServiceContainer, Info] ComponentController.ComponentController(): Instantiating 'DispatchRestarter' domain...
[2025-09-25 15:45:06, Initialization, CentralServiceContainer, Info] ComponentController.Initialize(): Initilaizing runtime for 'DispatchRestarter'...
[2025-09-25 15:45:06, Initialization, CentralServiceContainer, Info] ComponentController.Start(): Starting 'DispatchRestarter'...
[2025-09-25 15:45:06, Communication, CentralCommunication, Info] Service host DispatchRestarterServiceHost opening
[2025-09-25 15:45:07, Communication, CentralCommunication, Info] Service host DispatchRestarterServiceHost opened
[2025-09-25 15:45:07, Initialization, CentralServiceContainer, Info] ComponentController.Stop(): Commiting 'DispatchRestarter'...
[2025-09-29 15:46:41, Initialization, CentralServiceContainer, Info] ComponentController.Stop(): Uncommiting 'DispatchRestarter'...
[2025-09-29 15:46:41, Initialization, CentralServiceContainer, Info] ComponentController.Stop(): Stopping 'DispatchRestarter'...
[2025-09-29 15:46:41, Communication, CentralCommunication, Info] Service host DispatchRestarterServiceHost closing
[2025-09-29 15:46:41, Communication, CentralCommunication, Info] Service host DispatchRestarterServiceHost closed
[2025-09-29 15:47:47, Initialization, CentralServiceContainer, Info] ComponentController.ComponentController(): Instantiating 'DispatchRestarter' domain...
[2025-09-29 15:47:47, Initialization, CentralServiceContainer, Info] ComponentController.Initialize(): Initilaizing runtime for 'DispatchRestarter'...
[2025-09-29 15:47:48, Initialization, CentralServiceContainer, Info] ComponentController.Start(): Starting 'DispatchRestarter'...
[2025-09-29 15:47:48, Communication, CentralCommunication, Info] Service host DispatchRestarterServiceHost opening
[2025-09-29 15:47:48, Communication, CentralCommunication, Info] Service host DispatchRestarterServiceHost opened
[2025-09-29 15:47:48, Initialization, CentralServiceContainer, Info] ComponentController.Stop(): Commiting 'DispatchRestarter'...
[2025-09-29 16:22:24, Initialization, CentralServiceContainer, Info] ComponentController.Stop(): Uncommiting 'DispatchRestarter'...
[2025-09-29 16:22:24, Initialization, CentralServiceContainer, Info] ComponentController.Stop(): Stopping 'DispatchRestarter'...
[2025-09-29 16:22:24, Communication, CentralCommunication, Info] Service host DispatchRestarterServiceHost closing
[2025-09-29 16:22:24, Communication, CentralCommunication, Info] Service host DispatchRestarterServiceHost closed
[2025-09-29 16:23:26, Initialization, CentralServiceContainer, Info] ComponentController.ComponentController(): Instantiating 'DispatchRestarter' domain...
[2025-09-29 16:23:26, Initialization, CentralServiceContainer, Info] ComponentController.Initialize(): Initilaizing runtime for 'DispatchRestarter'...
[2025-09-29 16:23:26, Initialization, CentralServiceContainer, Info] ComponentController.Start(): Starting 'DispatchRestarter'...
[2025-09-29 16:23:26, Communication, CentralCommunication, Info] Service host DispatchRestarterServiceHost opening
[2025-09-29 16:23:27, Communication, CentralCommunication, Info] Service host DispatchRestarterServiceHost opened
[2025-09-29 16:23:27, Initialization, CentralServiceContainer, Info] ComponentController.Stop(): Commiting 'DispatchRestarter'...
[2025-09-29 16:34:18, Initialization, CentralServiceContainer, Info] ComponentController.Stop(): Uncommiting 'DispatchRestarter'...
[2025-09-29 16:34:18, Initialization, CentralServiceContainer, Info] ComponentController.Stop(): Stopping 'DispatchRestarter'...
[2025-09-29 16:34:18, Communication, CentralCommunication, Info] Service host DispatchRestarterServiceHost closing
[2025-09-29 16:34:18, Communication, CentralCommunication, Info] Service host DispatchRestarterServiceHost closed
[2025-09-29 16:35:17, Initialization, CentralServiceContainer, Info] ComponentController.ComponentController(): Instantiating 'DispatchRestarter' domain...
[2025-09-29 16:35:17, Initialization, CentralServiceContainer, Info] ComponentController.Initialize(): Initilaizing runtime for 'DispatchRestarter'...
[2025-09-29 16:35:18, Initialization, CentralServiceContainer, Info] ComponentController.Start(): Starting 'DispatchRestarter'...
[2025-09-29 16:35:18, Communication, CentralCommunication, Info] Service host DispatchRestarterServiceHost opening
[2025-09-29 16:35:18, Communication, CentralCommunication, Info] Service host DispatchRestarterServiceHost opened
[2025-09-29 16:35:18, Initialization, CentralServiceContainer, Info] ComponentController.Stop(): Commiting 'DispatchRestarter'...
[2025-09-29 16:39:09, Initialization, CentralServiceContainer, Info] ComponentController.Stop(): Uncommiting 'DispatchRestarter'...
[2025-09-29 16:39:09, Initialization, CentralServiceContainer, Info] ComponentController.Stop(): Stopping 'DispatchRestarter'...
[2025-09-29 16:39:09, Communication, CentralCommunication, Info] Service host DispatchRestarterServiceHost closing
[2025-09-29 16:39:09, Communication, CentralCommunication, Info] Service host DispatchRestarterServiceHost closed
[2025-09-29 16:40:09, Initialization, CentralServiceContainer, Info] ComponentController.ComponentController(): Instantiating 'DispatchRestarter' domain...
[2025-09-29 16:40:09, Initialization, CentralServiceContainer, Info] ComponentController.Initialize(): Initilaizing runtime for 'DispatchRestarter'...
[2025-09-29 16:40:09, Initialization, CentralServiceContainer, Info] ComponentController.Start(): Starting 'DispatchRestarter'...
[2025-09-29 16:40:09, Communication, CentralCommunication, Info] Service host DispatchRestarterServiceHost opening
[2025-09-29 16:40:09, Communication, CentralCommunication, Info] Service host DispatchRestarterServiceHost opened
[2025-09-29 16:40:09, Initialization, CentralServiceContainer, Info] ComponentController.Stop(): Commiting 'DispatchRestarter'...
[2025-10-01 10:21:27, Initialization, CentralServiceContainer, Info] ComponentController.Stop(): Uncommiting 'DispatchRestarter'...
[2025-10-01 10:21:28, Initialization, CentralServiceContainer, Info] ComponentController.Stop(): Stopping 'DispatchRestarter'...
[2025-10-01 10:21:28, Communication, CentralCommunication, Info] Service host DispatchRestarterServiceHost closing
[2025-10-01 10:21:28, Communication, CentralCommunication, Info] Service host DispatchRestarterServiceHost closed
[2025-10-01 10:23:04, Initialization, CentralServiceContainer, Info] ComponentController.ComponentController(): Instantiating 'DispatchRestarter' domain...
[2025-10-01 10:23:04, Initialization, CentralServiceContainer, Info] ComponentController.Initialize(): Initilaizing runtime for 'DispatchRestarter'...
[2025-10-01 10:23:04, Initialization, CentralServiceContainer, Info] ComponentController.Start(): Starting 'DispatchRestarter'...
[2025-10-01 10:23:04, Communication, CentralCommunication, Info] Service host DispatchRestarterServiceHost opening
[2025-10-01 10:23:05, Communication, CentralCommunication, Info] Service host DispatchRestarterServiceHost opened
[2025-10-01 10:23:05, Initialization, CentralServiceContainer, Info] ComponentController.Stop(): Commiting 'DispatchRestarter'...
[2025-10-01 10:42:40, Initialization, CentralServiceContainer, Info] ComponentController.Stop(): Uncommiting 'DispatchRestarter'...
[2025-10-01 10:42:40, Initialization, CentralServiceContainer, Info] ComponentController.Stop(): Stopping 'DispatchRestarter'...
[2025-10-01 10:42:40, Communication, CentralCommunication, Info] Service host DispatchRestarterServiceHost closing
[2025-10-01 10:42:40, Communication, CentralCommunication, Info] Service host DispatchRestarterServiceHost closed
[2025-11-13 19:24:22, Initialization, CentralServiceContainer, Info] ComponentController.ComponentController(): Instantiating 'DispatchRestarter' domain...
[2025-11-13 19:24:22, Initialization, CentralServiceContainer, Info] ComponentController.Initialize(): Initilaizing runtime for 'DispatchRestarter'...
[2025-11-13 19:24:22, Initialization, CentralServiceContainer, Info] ComponentController.Start(): Starting 'DispatchRestarter'...
[2025-11-13 19:24:23, Communication, CentralCommunication, Info] Service host DispatchRestarterServiceHost opening
[2025-11-13 19:24:23, Communication, CentralCommunication, Info] Service host DispatchRestarterServiceHost opened
[2025-11-13 19:24:23, Initialization, CentralServiceContainer, Info] ComponentController.Stop(): Commiting 'DispatchRestarter'...
[2025-11-13 19:24:31, Initialization, CentralServiceContainer, Info] ComponentController.Stop(): Uncommiting 'DispatchRestarter'...
[2025-11-13 19:24:31, Initialization, CentralServiceContainer, Info] ComponentController.Stop(): Stopping 'DispatchRestarter'...
[2025-11-13 19:24:31, Communication, CentralCommunication, Info] Service host DispatchRestarterServiceHost closing
[2025-11-13 19:24:32, Communication, CentralCommunication, Info] Service host DispatchRestarterServiceHost closed
[2025-11-14 12:50:10, Initialization, CentralServiceContainer, Info] ComponentController.ComponentController(): Instantiating 'DispatchRestarter' domain...
[2025-11-14 12:50:10, Initialization, CentralServiceContainer, Info] ComponentController.Initialize(): Initilaizing runtime for 'DispatchRestarter'...
[2025-11-14 12:50:11, Initialization, CentralServiceContainer, Info] ComponentController.Start(): Starting 'DispatchRestarter'...
[2025-11-14 12:50:11, Communication, CentralCommunication, Info] Service host DispatchRestarterServiceHost opening
[2025-11-14 12:50:12, Communication, CentralCommunication, Info] Service host DispatchRestarterServiceHost opened
[2025-11-14 12:50:12, Initialization, CentralServiceContainer, Info] ComponentController.Stop(): Commiting 'DispatchRestarter'...
[2025-11-14 13:23:14, Initialization, CentralServiceContainer, Info] ComponentController.Stop(): Uncommiting 'DispatchRestarter'...
[2025-11-14 13:23:14, Initialization, CentralServiceContainer, Info] ComponentController.Stop(): Stopping 'DispatchRestarter'...
[2025-11-14 13:23:15, Communication, CentralCommunication, Info] Service host DispatchRestarterServiceHost closing
[2025-11-14 13:23:15, Communication, CentralCommunication, Info] Service host DispatchRestarterServiceHost closed
[2025-11-14 13:24:09, Initialization, CentralServiceContainer, Info] ComponentController.ComponentController(): Instantiating 'DispatchRestarter' domain...
[2025-11-14 13:24:09, Initialization, CentralServiceContainer, Info] ComponentController.Initialize(): Initilaizing runtime for 'DispatchRestarter'...
[2025-11-14 13:24:09, Initialization, CentralServiceContainer, Info] ComponentController.Start(): Starting 'DispatchRestarter'...
[2025-11-14 13:24:09, Communication, CentralCommunication, Info] Service host DispatchRestarterServiceHost opening
[2025-11-14 13:24:09, Communication, CentralCommunication, Info] Service host DispatchRestarterServiceHost opened
[2025-11-14 13:24:09, Initialization, CentralServiceContainer, Info] ComponentController.Stop(): Commiting 'DispatchRestarter'...
[2025-11-15 14:21:52, Initialization, CentralServiceContainer, Info] ComponentController.Stop(): Uncommiting 'DispatchRestarter'...
[2025-11-15 14:21:52, Initialization, CentralServiceContainer, Info] ComponentController.Stop(): Stopping 'DispatchRestarter'...
[2025-11-15 14:21:52, Communication, CentralCommunication, Info] Service host DispatchRestarterServiceHost closing
[2025-11-15 14:21:52, Communication, CentralCommunication, Info] Service host DispatchRestarterServiceHost closed
[2026-02-05 13:30:49, Initialization, CentralServiceContainer, Info] ComponentController.ComponentController(): Instantiating 'DispatchRestarter' domain...
[2026-02-05 13:30:49, Initialization, CentralServiceContainer, Info] ComponentController.Initialize(): Initilaizing runtime for 'DispatchRestarter'...
[2026-02-05 13:30:50, Initialization, CentralServiceContainer, Info] ComponentController.Start(): Starting 'DispatchRestarter'...
[2026-02-05 13:30:50, Communication, CentralCommunication, Info] Service host DispatchRestarterServiceHost opening
[2026-02-05 13:30:51, Communication, CentralCommunication, Info] Service host DispatchRestarterServiceHost opened
[2026-02-05 13:30:51, Initialization, CentralServiceContainer, Info] ComponentController.Stop(): Commiting 'DispatchRestarter'...
[2026-02-05 13:31:50, Initialization, CentralServiceContainer, Info] ComponentController.Stop(): Uncommiting 'DispatchRestarter'...
[2026-02-05 13:31:50, Initialization, CentralServiceContainer, Info] ComponentController.Stop(): Stopping 'DispatchRestarter'...
[2026-02-05 13:31:50, Communication, CentralCommunication, Info] Service host DispatchRestarterServiceHost closing
[2026-02-05 13:31:50, Communication, CentralCommunication, Info] Service host DispatchRestarterServiceHost closed
[2026-02-05 13:33:25, Initialization, CentralServiceContainer, Info] ComponentController.ComponentController(): Instantiating 'DispatchRestarter' domain...
[2026-02-05 13:33:25, Initialization, CentralServiceContainer, Info] ComponentController.Initialize(): Initilaizing runtime for 'DispatchRestarter'...
[2026-02-05 13:33:25, Initialization, CentralServiceContainer, Info] ComponentController.Start(): Starting 'DispatchRestarter'...
[2026-02-05 13:33:25, Communication, CentralCommunication, Info] Service host DispatchRestarterServiceHost opening
[2026-02-05 13:33:26, Communication, CentralCommunication, Info] Service host DispatchRestarterServiceHost opened
[2026-02-05 13:33:26, Initialization, CentralServiceContainer, Info] ComponentController.Stop(): Commiting 'DispatchRestarter'...
