[2025-03-29 15:34:42, Initialization, CentralServiceContainer, Info] ServiceContainer.ServiceContainer(): Service container starting...
[2025-03-29 15:34:42, Configuration, CentralServiceContainer, Info] ServiceContainer.InitializeComponents(): Initializing component configuration...
[2025-03-29 15:34:42, Initialization, CentralServiceContainer, Info] ServiceContainer.PopulateServiceHostRuntimes(): Creating service host runtimes...
[2025-03-29 15:34:42, Initialization, CentralServiceContainer, Info] ServiceContainer.OrderComponents(): Ordering components for start up...
[2025-03-29 15:34:42, Initialization, CentralServiceContainer, Info] ServiceContainer.Start(): Starting DispatchRestarter...
[2025-03-29 15:34:44, Initialization, CentralServiceContainer, Info] ServiceContainer.Start(): Component DispatchRestarter took 1.0614073 seconds to start
[2025-03-29 15:34:44, Initialization, CentralServiceContainer, Info] ServiceContainer.Start(): Commiting DispatchRestarter...
[2025-03-30 10:17:40, Initialization, CentralServiceContainer, Info] ServiceContainer.Stop(): Uncommiting DispatchRestarter...
[2025-03-30 10:17:40, Initialization, CentralServiceContainer, Info] ServiceContainer.Stop(): Stopping DispatchRestarter...
[2025-03-30 10:17:41, Initialization, CentralServiceContainer, Info] ServiceContainer.Stop(): Unloading DispatchRestarter...
[2025-03-30 10:18:35, Initialization, CentralServiceContainer, Info] ServiceContainer.ServiceContainer(): Service container starting...
[2025-03-30 10:18:35, Configuration, CentralServiceContainer, Info] ServiceContainer.InitializeComponents(): Initializing component configuration...
[2025-03-30 10:18:35, Initialization, CentralServiceContainer, Info] ServiceContainer.PopulateServiceHostRuntimes(): Creating service host runtimes...
[2025-03-30 10:18:36, Initialization, CentralServiceContainer, Info] ServiceContainer.OrderComponents(): Ordering components for start up...
[2025-03-30 10:18:36, Initialization, CentralServiceContainer, Info] ServiceContainer.Start(): Starting DispatchRestarter...
[2025-03-30 10:18:37, Initialization, CentralServiceContainer, Info] ServiceContainer.Start(): Component DispatchRestarter took 0.8737483 seconds to start
[2025-03-30 10:18:37, Initialization, CentralServiceContainer, Info] ServiceContainer.Start(): Commiting DispatchRestarter...
[2025-04-17 18:59:32, Initialization, CentralServiceContainer, Info] ServiceContainer.Stop(): Uncommiting DispatchRestarter...
[2025-04-17 18:59:32, Initialization, CentralServiceContainer, Info] ServiceContainer.Stop(): Stopping DispatchRestarter...
[2025-04-17 18:59:32, Initialization, CentralServiceContainer, Info] ServiceContainer.Stop(): Unloading DispatchRestarter...
[2025-05-14 12:18:44, Initialization, CentralServiceContainer, Info] ServiceContainer.ServiceContainer(): Service container starting...
[2025-05-14 12:18:44, Configuration, CentralServiceContainer, Info] ServiceContainer.InitializeComponents(): Initializing component configuration...
[2025-05-14 12:18:44, Initialization, CentralServiceContainer, Info] ServiceContainer.PopulateServiceHostRuntimes(): Creating service host runtimes...
[2025-05-14 12:18:45, Initialization, CentralServiceContainer, Info] ServiceContainer.OrderComponents(): Ordering components for start up...
[2025-05-14 12:18:45, Initialization, CentralServiceContainer, Info] ServiceContainer.Start(): Starting DispatchRestarter...
[2025-05-14 12:18:46, Initialization, CentralServiceContainer, Info] ServiceContainer.Start(): Component DispatchRestarter took 1.0135511 seconds to start
[2025-05-14 12:18:46, Initialization, CentralServiceContainer, Info] ServiceContainer.Start(): Commiting DispatchRestarter...
[2025-05-14 12:27:16, Initialization, CentralServiceContainer, Info] ServiceContainer.Stop(): Uncommiting DispatchRestarter...
[2025-05-14 12:27:16, Initialization, CentralServiceContainer, Info] ServiceContainer.Stop(): Stopping DispatchRestarter...
[2025-05-14 12:27:16, Initialization, CentralServiceContainer, Info] ServiceContainer.Stop(): Unloading DispatchRestarter...
[2025-05-14 12:27:44, Initialization, CentralServiceContainer, Info] ServiceContainer.ServiceContainer(): Service container starting...
[2025-05-14 12:27:44, Configuration, CentralServiceContainer, Info] ServiceContainer.InitializeComponents(): Initializing component configuration...
[2025-05-14 12:27:44, Initialization, CentralServiceContainer, Info] ServiceContainer.PopulateServiceHostRuntimes(): Creating service host runtimes...
[2025-05-14 12:27:45, Initialization, CentralServiceContainer, Info] ServiceContainer.OrderComponents(): Ordering components for start up...
[2025-05-14 12:27:45, Initialization, CentralServiceContainer, Info] ServiceContainer.Start(): Starting DispatchRestarter...
[2025-05-14 12:27:46, Initialization, CentralServiceContainer, Info] ServiceContainer.Start(): Component DispatchRestarter took 0.8113835 seconds to start
[2025-05-14 12:27:46, Initialization, CentralServiceContainer, Info] ServiceContainer.Start(): Commiting DispatchRestarter...
[2025-05-14 12:41:19, Initialization, CentralServiceContainer, Info] ServiceContainer.Stop(): Uncommiting DispatchRestarter...
[2025-05-14 12:41:20, Initialization, CentralServiceContainer, Info] ServiceContainer.Stop(): Stopping DispatchRestarter...
[2025-05-14 12:41:20, Initialization, CentralServiceContainer, Info] ServiceContainer.Stop(): Unloading DispatchRestarter...
[2025-05-14 12:41:48, Initialization, CentralServiceContainer, Info] ServiceContainer.ServiceContainer(): Service container starting...
[2025-05-14 12:41:48, Configuration, CentralServiceContainer, Info] ServiceContainer.InitializeComponents(): Initializing component configuration...
[2025-05-14 12:41:48, Initialization, CentralServiceContainer, Info] ServiceContainer.PopulateServiceHostRuntimes(): Creating service host runtimes...
[2025-05-14 12:41:48, Initialization, CentralServiceContainer, Info] ServiceContainer.OrderComponents(): Ordering components for start up...
[2025-05-14 12:41:48, Initialization, CentralServiceContainer, Info] ServiceContainer.Start(): Starting DispatchRestarter...
[2025-05-14 12:41:49, Initialization, CentralServiceContainer, Info] ServiceContainer.Start(): Component DispatchRestarter took 0.8113909 seconds to start
[2025-05-14 12:41:49, Initialization, CentralServiceContainer, Info] ServiceContainer.Start(): Commiting DispatchRestarter...
[2025-07-12 09:32:55, Initialization, CentralServiceContainer, Info] ServiceContainer.ServiceContainer(): Service container starting...
[2025-07-12 09:32:55, Configuration, CentralServiceContainer, Info] ServiceContainer.InitializeComponents(): Initializing component configuration...
[2025-07-12 09:32:55, Initialization, CentralServiceContainer, Info] ServiceContainer.PopulateServiceHostRuntimes(): Creating service host runtimes...
[2025-07-12 09:32:56, Initialization, CentralServiceContainer, Info] ServiceContainer.OrderComponents(): Ordering components for start up...
[2025-07-12 09:32:56, Initialization, CentralServiceContainer, Info] ServiceContainer.Start(): Starting DispatchRestarter...
[2025-07-12 09:32:57, Initialization, CentralServiceContainer, Info] ServiceContainer.Start(): Component DispatchRestarter took 1.1239678 seconds to start
[2025-07-12 09:32:57, Initialization, CentralServiceContainer, Info] ServiceContainer.Start(): Commiting DispatchRestarter...
[2025-07-12 09:33:11, Initialization, CentralServiceContainer, Info] ServiceContainer.Stop(): Uncommiting DispatchRestarter...
[2025-07-12 09:33:11, Initialization, CentralServiceContainer, Info] ServiceContainer.Stop(): Stopping DispatchRestarter...
[2025-07-12 09:33:11, Initialization, CentralServiceContainer, Info] ServiceContainer.Stop(): Unloading DispatchRestarter...
[2025-07-12 16:35:32, Initialization, CentralServiceContainer, Info] ServiceContainer.ServiceContainer(): Service container starting...
[2025-07-12 16:35:32, Configuration, CentralServiceContainer, Info] ServiceContainer.InitializeComponents(): Initializing component configuration...
[2025-07-12 16:35:32, Initialization, CentralServiceContainer, Info] ServiceContainer.PopulateServiceHostRuntimes(): Creating service host runtimes...
[2025-07-12 16:35:32, Initialization, CentralServiceContainer, Info] ServiceContainer.OrderComponents(): Ordering components for start up...
[2025-07-12 16:35:32, Initialization, CentralServiceContainer, Info] ServiceContainer.Start(): Starting DispatchRestarter...
[2025-07-12 16:35:33, Initialization, CentralServiceContainer, Info] ServiceContainer.Start(): Component DispatchRestarter took 0.972596 seconds to start
[2025-07-12 16:35:33, Initialization, CentralServiceContainer, Info] ServiceContainer.Start(): Commiting DispatchRestarter...
[2025-08-01 09:30:39, Initialization, CentralServiceContainer, Info] ServiceContainer.ServiceContainer(): Service container starting...
[2025-08-01 09:30:39, Configuration, CentralServiceContainer, Info] ServiceContainer.InitializeComponents(): Initializing component configuration...
[2025-08-01 09:30:39, Initialization, CentralServiceContainer, Info] ServiceContainer.PopulateServiceHostRuntimes(): Creating service host runtimes...
[2025-08-01 09:30:39, Initialization, CentralServiceContainer, Info] ServiceContainer.OrderComponents(): Ordering components for start up...
[2025-08-01 09:30:39, Initialization, CentralServiceContainer, Info] ServiceContainer.Start(): Starting DispatchRestarter...
[2025-08-01 09:30:41, Initialization, CentralServiceContainer, Info] ServiceContainer.Start(): Component DispatchRestarter took 1.0868896 seconds to start
[2025-08-01 09:30:41, Initialization, CentralServiceContainer, Info] ServiceContainer.Start(): Commiting DispatchRestarter...
[2025-08-01 09:30:49, Initialization, CentralServiceContainer, Info] ServiceContainer.Stop(): Uncommiting DispatchRestarter...
[2025-08-01 09:30:49, Initialization, CentralServiceContainer, Info] ServiceContainer.Stop(): Stopping DispatchRestarter...
[2025-08-01 09:30:50, Initialization, CentralServiceContainer, Info] ServiceContainer.Stop(): Unloading DispatchRestarter...
[2025-08-01 10:01:50, Initialization, CentralServiceContainer, Info] ServiceContainer.ServiceContainer(): Service container starting...
[2025-08-01 10:01:50, Configuration, CentralServiceContainer, Info] ServiceContainer.InitializeComponents(): Initializing component configuration...
[2025-08-01 10:01:50, Initialization, CentralServiceContainer, Info] ServiceContainer.PopulateServiceHostRuntimes(): Creating service host runtimes...
[2025-08-01 10:01:50, Initialization, CentralServiceContainer, Info] ServiceContainer.OrderComponents(): Ordering components for start up...
[2025-08-01 10:01:51, Initialization, CentralServiceContainer, Info] ServiceContainer.Start(): Starting DispatchRestarter...
[2025-08-01 10:01:51, Initialization, CentralServiceContainer, Info] ServiceContainer.Start(): Component DispatchRestarter took 0.8694011 seconds to start
[2025-08-01 10:01:51, Initialization, CentralServiceContainer, Info] ServiceContainer.Start(): Commiting DispatchRestarter...
[2025-08-01 10:02:44, Initialization, CentralServiceContainer, Info] ServiceContainer.Stop(): Uncommiting DispatchRestarter...
[2025-08-01 10:02:44, Initialization, CentralServiceContainer, Info] ServiceContainer.Stop(): Stopping DispatchRestarter...
[2025-08-01 10:02:44, Initialization, CentralServiceContainer, Info] ServiceContainer.Stop(): Unloading DispatchRestarter...
[2025-08-17 08:53:39, Initialization, CentralServiceContainer, Info] ServiceContainer.ServiceContainer(): Service container starting...
[2025-08-17 08:53:39, Configuration, CentralServiceContainer, Info] ServiceContainer.InitializeComponents(): Initializing component configuration...
[2025-08-17 08:53:39, Initialization, CentralServiceContainer, Info] ServiceContainer.PopulateServiceHostRuntimes(): Creating service host runtimes...
[2025-08-17 08:53:40, Initialization, CentralServiceContainer, Info] ServiceContainer.OrderComponents(): Ordering components for start up...
[2025-08-17 08:53:40, Initialization, CentralServiceContainer, Info] ServiceContainer.Start(): Starting DispatchRestarter...
[2025-08-17 08:53:41, Initialization, CentralServiceContainer, Info] ServiceContainer.Start(): Component DispatchRestarter took 1.0412684 seconds to start
[2025-08-17 08:53:41, Initialization, CentralServiceContainer, Info] ServiceContainer.Start(): Commiting DispatchRestarter...
[2025-08-29 14:45:11, Initialization, CentralServiceContainer, Info] ServiceContainer.ServiceContainer(): Service container starting...
[2025-08-29 14:45:11, Configuration, CentralServiceContainer, Info] ServiceContainer.InitializeComponents(): Initializing component configuration...
[2025-08-29 14:45:11, Initialization, CentralServiceContainer, Info] ServiceContainer.PopulateServiceHostRuntimes(): Creating service host runtimes...
[2025-08-29 14:45:12, Initialization, CentralServiceContainer, Info] ServiceContainer.OrderComponents(): Ordering components for start up...
[2025-08-29 14:45:12, Initialization, CentralServiceContainer, Info] ServiceContainer.Start(): Starting DispatchRestarter...
[2025-08-29 14:45:13, Initialization, CentralServiceContainer, Info] ServiceContainer.Start(): Component DispatchRestarter took 1.2306565 seconds to start
[2025-08-29 14:45:13, Initialization, CentralServiceContainer, Info] ServiceContainer.Start(): Commiting DispatchRestarter...
[2025-09-23 13:45:45, Initialization, CentralServiceContainer, Info] ServiceContainer.Stop(): Uncommiting DispatchRestarter...
[2025-09-23 13:45:45, Initialization, CentralServiceContainer, Info] ServiceContainer.Stop(): Stopping DispatchRestarter...
[2025-09-23 13:45:45, Initialization, CentralServiceContainer, Info] ServiceContainer.Stop(): Unloading DispatchRestarter...
[2025-09-23 13:47:04, Initialization, CentralServiceContainer, Info] ServiceContainer.ServiceContainer(): Service container starting...
[2025-09-23 13:47:04, Configuration, CentralServiceContainer, Info] ServiceContainer.InitializeComponents(): Initializing component configuration...
[2025-09-23 13:47:04, Initialization, CentralServiceContainer, Info] ServiceContainer.PopulateServiceHostRuntimes(): Creating service host runtimes...
[2025-09-23 13:47:05, Initialization, CentralServiceContainer, Info] ServiceContainer.OrderComponents(): Ordering components for start up...
[2025-09-23 13:47:05, Initialization, CentralServiceContainer, Info] ServiceContainer.Start(): Starting DispatchRestarter...
[2025-09-23 13:47:06, Initialization, CentralServiceContainer, Info] ServiceContainer.Start(): Component DispatchRestarter took 0.8851268 seconds to start
[2025-09-23 13:47:06, Initialization, CentralServiceContainer, Info] ServiceContainer.Start(): Commiting DispatchRestarter...
[2025-09-24 11:50:50, Initialization, CentralServiceContainer, Info] ServiceContainer.Stop(): Uncommiting DispatchRestarter...
[2025-09-24 11:50:50, Initialization, CentralServiceContainer, Info] ServiceContainer.Stop(): Stopping DispatchRestarter...
[2025-09-24 11:50:50, Initialization, CentralServiceContainer, Info] ServiceContainer.Stop(): Unloading DispatchRestarter...
[2025-09-24 11:52:08, Initialization, CentralServiceContainer, Info] ServiceContainer.ServiceContainer(): Service container starting...
[2025-09-24 11:52:08, Configuration, CentralServiceContainer, Info] ServiceContainer.InitializeComponents(): Initializing component configuration...
[2025-09-24 11:52:08, Initialization, CentralServiceContainer, Info] ServiceContainer.PopulateServiceHostRuntimes(): Creating service host runtimes...
[2025-09-24 11:52:09, Initialization, CentralServiceContainer, Info] ServiceContainer.OrderComponents(): Ordering components for start up...
[2025-09-24 11:52:09, Initialization, CentralServiceContainer, Info] ServiceContainer.Start(): Starting DispatchRestarter...
[2025-09-24 11:52:10, Initialization, CentralServiceContainer, Info] ServiceContainer.Start(): Component DispatchRestarter took 1.0404851 seconds to start
[2025-09-24 11:52:10, Initialization, CentralServiceContainer, Info] ServiceContainer.Start(): Commiting DispatchRestarter...
[2025-09-24 12:12:08, Initialization, CentralServiceContainer, Info] ServiceContainer.Stop(): Uncommiting DispatchRestarter...
[2025-09-24 12:12:08, Initialization, CentralServiceContainer, Info] ServiceContainer.Stop(): Stopping DispatchRestarter...
[2025-09-24 12:12:08, Initialization, CentralServiceContainer, Info] ServiceContainer.Stop(): Unloading DispatchRestarter...
[2025-09-24 12:13:35, Initialization, CentralServiceContainer, Info] ServiceContainer.ServiceContainer(): Service container starting...
[2025-09-24 12:13:35, Configuration, CentralServiceContainer, Info] ServiceContainer.InitializeComponents(): Initializing component configuration...
[2025-09-24 12:13:35, Initialization, CentralServiceContainer, Info] ServiceContainer.PopulateServiceHostRuntimes(): Creating service host runtimes...
[2025-09-24 12:13:35, Initialization, CentralServiceContainer, Info] ServiceContainer.OrderComponents(): Ordering components for start up...
[2025-09-24 12:13:35, Initialization, CentralServiceContainer, Info] ServiceContainer.Start(): Starting DispatchRestarter...
[2025-09-24 12:13:36, Initialization, CentralServiceContainer, Info] ServiceContainer.Start(): Component DispatchRestarter took 0.9318686 seconds to start
[2025-09-24 12:13:36, Initialization, CentralServiceContainer, Info] ServiceContainer.Start(): Commiting DispatchRestarter...
[2025-09-25 15:43:34, Initialization, CentralServiceContainer, Info] ServiceContainer.Stop(): Uncommiting DispatchRestarter...
[2025-09-25 15:43:34, Initialization, CentralServiceContainer, Info] ServiceContainer.Stop(): Stopping DispatchRestarter...
[2025-09-25 15:43:34, Initialization, CentralServiceContainer, Info] ServiceContainer.Stop(): Unloading DispatchRestarter...
[2025-09-25 15:45:05, Initialization, CentralServiceContainer, Info] ServiceContainer.ServiceContainer(): Service container starting...
[2025-09-25 15:45:05, Configuration, CentralServiceContainer, Info] ServiceContainer.InitializeComponents(): Initializing component configuration...
[2025-09-25 15:45:05, Initialization, CentralServiceContainer, Info] ServiceContainer.PopulateServiceHostRuntimes(): Creating service host runtimes...
[2025-09-25 15:45:06, Initialization, CentralServiceContainer, Info] ServiceContainer.OrderComponents(): Ordering components for start up...
[2025-09-25 15:45:06, Initialization, CentralServiceContainer, Info] ServiceContainer.Start(): Starting DispatchRestarter...
[2025-09-25 15:45:07, Initialization, CentralServiceContainer, Info] ServiceContainer.Start(): Component DispatchRestarter took 0.8968267 seconds to start
[2025-09-25 15:45:07, Initialization, CentralServiceContainer, Info] ServiceContainer.Start(): Commiting DispatchRestarter...
[2025-09-29 15:46:40, Initialization, CentralServiceContainer, Info] ServiceContainer.Stop(): Uncommiting DispatchRestarter...
[2025-09-29 15:46:41, Initialization, CentralServiceContainer, Info] ServiceContainer.Stop(): Stopping DispatchRestarter...
[2025-09-29 15:46:41, Initialization, CentralServiceContainer, Info] ServiceContainer.Stop(): Unloading DispatchRestarter...
[2025-09-29 15:47:47, Initialization, CentralServiceContainer, Info] ServiceContainer.ServiceContainer(): Service container starting...
[2025-09-29 15:47:47, Configuration, CentralServiceContainer, Info] ServiceContainer.InitializeComponents(): Initializing component configuration...
[2025-09-29 15:47:47, Initialization, CentralServiceContainer, Info] ServiceContainer.PopulateServiceHostRuntimes(): Creating service host runtimes...
[2025-09-29 15:47:47, Initialization, CentralServiceContainer, Info] ServiceContainer.OrderComponents(): Ordering components for start up...
[2025-09-29 15:47:47, Initialization, CentralServiceContainer, Info] ServiceContainer.Start(): Starting DispatchRestarter...
[2025-09-29 15:47:48, Initialization, CentralServiceContainer, Info] ServiceContainer.Start(): Component DispatchRestarter took 0.8725474 seconds to start
[2025-09-29 15:47:48, Initialization, CentralServiceContainer, Info] ServiceContainer.Start(): Commiting DispatchRestarter...
[2025-09-29 16:22:24, Initialization, CentralServiceContainer, Info] ServiceContainer.Stop(): Uncommiting DispatchRestarter...
[2025-09-29 16:22:24, Initialization, CentralServiceContainer, Info] ServiceContainer.Stop(): Stopping DispatchRestarter...
[2025-09-29 16:22:24, Initialization, CentralServiceContainer, Info] ServiceContainer.Stop(): Unloading DispatchRestarter...
[2025-09-29 16:23:25, Initialization, CentralServiceContainer, Info] ServiceContainer.ServiceContainer(): Service container starting...
[2025-09-29 16:23:25, Configuration, CentralServiceContainer, Info] ServiceContainer.InitializeComponents(): Initializing component configuration...
[2025-09-29 16:23:25, Initialization, CentralServiceContainer, Info] ServiceContainer.PopulateServiceHostRuntimes(): Creating service host runtimes...
[2025-09-29 16:23:26, Initialization, CentralServiceContainer, Info] ServiceContainer.OrderComponents(): Ordering components for start up...
[2025-09-29 16:23:26, Initialization, CentralServiceContainer, Info] ServiceContainer.Start(): Starting DispatchRestarter...
[2025-09-29 16:23:27, Initialization, CentralServiceContainer, Info] ServiceContainer.Start(): Component DispatchRestarter took 0.8372086 seconds to start
[2025-09-29 16:23:27, Initialization, CentralServiceContainer, Info] ServiceContainer.Start(): Commiting DispatchRestarter...
[2025-09-29 16:34:18, Initialization, CentralServiceContainer, Info] ServiceContainer.Stop(): Uncommiting DispatchRestarter...
[2025-09-29 16:34:18, Initialization, CentralServiceContainer, Info] ServiceContainer.Stop(): Stopping DispatchRestarter...
[2025-09-29 16:34:18, Initialization, CentralServiceContainer, Info] ServiceContainer.Stop(): Unloading DispatchRestarter...
[2025-09-29 16:35:17, Initialization, CentralServiceContainer, Info] ServiceContainer.ServiceContainer(): Service container starting...
[2025-09-29 16:35:17, Configuration, CentralServiceContainer, Info] ServiceContainer.InitializeComponents(): Initializing component configuration...
[2025-09-29 16:35:17, Initialization, CentralServiceContainer, Info] ServiceContainer.PopulateServiceHostRuntimes(): Creating service host runtimes...
[2025-09-29 16:35:17, Initialization, CentralServiceContainer, Info] ServiceContainer.OrderComponents(): Ordering components for start up...
[2025-09-29 16:35:17, Initialization, CentralServiceContainer, Info] ServiceContainer.Start(): Starting DispatchRestarter...
[2025-09-29 16:35:18, Initialization, CentralServiceContainer, Info] ServiceContainer.Start(): Component DispatchRestarter took 0.8381724 seconds to start
[2025-09-29 16:35:18, Initialization, CentralServiceContainer, Info] ServiceContainer.Start(): Commiting DispatchRestarter...
[2025-09-29 16:39:08, Initialization, CentralServiceContainer, Info] ServiceContainer.Stop(): Uncommiting DispatchRestarter...
[2025-09-29 16:39:09, Initialization, CentralServiceContainer, Info] ServiceContainer.Stop(): Stopping DispatchRestarter...
[2025-09-29 16:39:09, Initialization, CentralServiceContainer, Info] ServiceContainer.Stop(): Unloading DispatchRestarter...
[2025-09-29 16:40:08, Initialization, CentralServiceContainer, Info] ServiceContainer.ServiceContainer(): Service container starting...
[2025-09-29 16:40:08, Configuration, CentralServiceContainer, Info] ServiceContainer.InitializeComponents(): Initializing component configuration...
[2025-09-29 16:40:08, Initialization, CentralServiceContainer, Info] ServiceContainer.PopulateServiceHostRuntimes(): Creating service host runtimes...
[2025-09-29 16:40:09, Initialization, CentralServiceContainer, Info] ServiceContainer.OrderComponents(): Ordering components for start up...
[2025-09-29 16:40:09, Initialization, CentralServiceContainer, Info] ServiceContainer.Start(): Starting DispatchRestarter...
[2025-09-29 16:40:09, Initialization, CentralServiceContainer, Info] ServiceContainer.Start(): Component DispatchRestarter took 0.4990111 seconds to start
[2025-09-29 16:40:09, Initialization, CentralServiceContainer, Info] ServiceContainer.Start(): Commiting DispatchRestarter...
[2025-10-01 10:21:27, Initialization, CentralServiceContainer, Info] ServiceContainer.Stop(): Uncommiting DispatchRestarter...
[2025-10-01 10:21:27, Initialization, CentralServiceContainer, Info] ServiceContainer.Stop(): Stopping DispatchRestarter...
[2025-10-01 10:21:28, Initialization, CentralServiceContainer, Info] ServiceContainer.Stop(): Unloading DispatchRestarter...
[2025-10-01 10:23:03, Initialization, CentralServiceContainer, Info] ServiceContainer.ServiceContainer(): Service container starting...
[2025-10-01 10:23:03, Configuration, CentralServiceContainer, Info] ServiceContainer.InitializeComponents(): Initializing component configuration...
[2025-10-01 10:23:03, Initialization, CentralServiceContainer, Info] ServiceContainer.PopulateServiceHostRuntimes(): Creating service host runtimes...
[2025-10-01 10:23:04, Initialization, CentralServiceContainer, Info] ServiceContainer.OrderComponents(): Ordering components for start up...
[2025-10-01 10:23:04, Initialization, CentralServiceContainer, Info] ServiceContainer.Start(): Starting DispatchRestarter...
[2025-10-01 10:23:05, Initialization, CentralServiceContainer, Info] ServiceContainer.Start(): Component DispatchRestarter took 0.9794528 seconds to start
[2025-10-01 10:23:05, Initialization, CentralServiceContainer, Info] ServiceContainer.Start(): Commiting DispatchRestarter...
[2025-10-01 10:42:40, Initialization, CentralServiceContainer, Info] ServiceContainer.Stop(): Uncommiting DispatchRestarter...
[2025-10-01 10:42:40, Initialization, CentralServiceContainer, Info] ServiceContainer.Stop(): Stopping DispatchRestarter...
[2025-10-01 10:42:40, Initialization, CentralServiceContainer, Info] ServiceContainer.Stop(): Unloading DispatchRestarter...
[2025-11-13 19:24:21, Initialization, CentralServiceContainer, Info] ServiceContainer.ServiceContainer(): Service container starting...
[2025-11-13 19:24:21, Configuration, CentralServiceContainer, Info] ServiceContainer.InitializeComponents(): Initializing component configuration...
[2025-11-13 19:24:21, Initialization, CentralServiceContainer, Info] ServiceContainer.PopulateServiceHostRuntimes(): Creating service host runtimes...
[2025-11-13 19:24:22, Initialization, CentralServiceContainer, Info] ServiceContainer.OrderComponents(): Ordering components for start up...
[2025-11-13 19:24:22, Initialization, CentralServiceContainer, Info] ServiceContainer.Start(): Starting DispatchRestarter...
[2025-11-13 19:24:23, Initialization, CentralServiceContainer, Info] ServiceContainer.Start(): Component DispatchRestarter took 1.1143925 seconds to start
[2025-11-13 19:24:23, Initialization, CentralServiceContainer, Info] ServiceContainer.Start(): Commiting DispatchRestarter...
[2025-11-13 19:24:31, Initialization, CentralServiceContainer, Info] ServiceContainer.Stop(): Uncommiting DispatchRestarter...
[2025-11-13 19:24:31, Initialization, CentralServiceContainer, Info] ServiceContainer.Stop(): Stopping DispatchRestarter...
[2025-11-13 19:24:32, Initialization, CentralServiceContainer, Info] ServiceContainer.Stop(): Unloading DispatchRestarter...
[2025-11-14 12:50:10, Initialization, CentralServiceContainer, Info] ServiceContainer.ServiceContainer(): Service container starting...
[2025-11-14 12:50:10, Configuration, CentralServiceContainer, Info] ServiceContainer.InitializeComponents(): Initializing component configuration...
[2025-11-14 12:50:10, Initialization, CentralServiceContainer, Info] ServiceContainer.PopulateServiceHostRuntimes(): Creating service host runtimes...
[2025-11-14 12:50:10, Initialization, CentralServiceContainer, Info] ServiceContainer.OrderComponents(): Ordering components for start up...
[2025-11-14 12:50:10, Initialization, CentralServiceContainer, Info] ServiceContainer.Start(): Starting DispatchRestarter...
[2025-11-14 12:50:12, Initialization, CentralServiceContainer, Info] ServiceContainer.Start(): Component DispatchRestarter took 1.1378815 seconds to start
[2025-11-14 12:50:12, Initialization, CentralServiceContainer, Info] ServiceContainer.Start(): Commiting DispatchRestarter...
[2025-11-14 13:23:14, Initialization, CentralServiceContainer, Info] ServiceContainer.Stop(): Uncommiting DispatchRestarter...
[2025-11-14 13:23:14, Initialization, CentralServiceContainer, Info] ServiceContainer.Stop(): Stopping DispatchRestarter...
[2025-11-14 13:23:15, Initialization, CentralServiceContainer, Info] ServiceContainer.Stop(): Unloading DispatchRestarter...
[2025-11-14 13:24:08, Initialization, CentralServiceContainer, Info] ServiceContainer.ServiceContainer(): Service container starting...
[2025-11-14 13:24:08, Configuration, CentralServiceContainer, Info] ServiceContainer.InitializeComponents(): Initializing component configuration...
[2025-11-14 13:24:08, Initialization, CentralServiceContainer, Info] ServiceContainer.PopulateServiceHostRuntimes(): Creating service host runtimes...
[2025-11-14 13:24:09, Initialization, CentralServiceContainer, Info] ServiceContainer.OrderComponents(): Ordering components for start up...
[2025-11-14 13:24:09, Initialization, CentralServiceContainer, Info] ServiceContainer.Start(): Starting DispatchRestarter...
[2025-11-14 13:24:09, Initialization, CentralServiceContainer, Info] ServiceContainer.Start(): Component DispatchRestarter took 0.8011939 seconds to start
[2025-11-14 13:24:09, Initialization, CentralServiceContainer, Info] ServiceContainer.Start(): Commiting DispatchRestarter...
[2025-11-15 14:21:52, Initialization, CentralServiceContainer, Info] ServiceContainer.Stop(): Uncommiting DispatchRestarter...
[2025-11-15 14:21:52, Initialization, CentralServiceContainer, Info] ServiceContainer.Stop(): Stopping DispatchRestarter...
[2025-11-15 14:21:52, Initialization, CentralServiceContainer, Info] ServiceContainer.Stop(): Unloading DispatchRestarter...
[2026-02-05 13:30:48, Initialization, CentralServiceContainer, Info] ServiceContainer.ServiceContainer(): Service container starting...
[2026-02-05 13:30:48, Configuration, CentralServiceContainer, Info] ServiceContainer.InitializeComponents(): Initializing component configuration...
[2026-02-05 13:30:48, Initialization, CentralServiceContainer, Info] ServiceContainer.PopulateServiceHostRuntimes(): Creating service host runtimes...
[2026-02-05 13:30:49, Initialization, CentralServiceContainer, Info] ServiceContainer.OrderComponents(): Ordering components for start up...
[2026-02-05 13:30:49, Initialization, CentralServiceContainer, Info] ServiceContainer.Start(): Starting DispatchRestarter...
[2026-02-05 13:30:51, Initialization, CentralServiceContainer, Info] ServiceContainer.Start(): Component DispatchRestarter took 1.4016976 seconds to start
[2026-02-05 13:30:51, Initialization, CentralServiceContainer, Info] ServiceContainer.Start(): Commiting DispatchRestarter...
[2026-02-05 13:31:50, Initialization, CentralServiceContainer, Info] ServiceContainer.Stop(): Uncommiting DispatchRestarter...
[2026-02-05 13:31:50, Initialization, CentralServiceContainer, Info] ServiceContainer.Stop(): Stopping DispatchRestarter...
[2026-02-05 13:31:50, Initialization, CentralServiceContainer, Info] ServiceContainer.Stop(): Unloading DispatchRestarter...
[2026-02-05 13:33:25, Initialization, CentralServiceContainer, Info] ServiceContainer.ServiceContainer(): Service container starting...
[2026-02-05 13:33:25, Configuration, CentralServiceContainer, Info] ServiceContainer.InitializeComponents(): Initializing component configuration...
[2026-02-05 13:33:25, Initialization, CentralServiceContainer, Info] ServiceContainer.PopulateServiceHostRuntimes(): Creating service host runtimes...
[2026-02-05 13:33:25, Initialization, CentralServiceContainer, Info] ServiceContainer.OrderComponents(): Ordering components for start up...
[2026-02-05 13:33:25, Initialization, CentralServiceContainer, Info] ServiceContainer.Start(): Starting DispatchRestarter...
[2026-02-05 13:33:26, Initialization, CentralServiceContainer, Info] ServiceContainer.Start(): Component DispatchRestarter took 0.5149783 seconds to start
[2026-02-05 13:33:26, Initialization, CentralServiceContainer, Info] ServiceContainer.Start(): Commiting DispatchRestarter...
